 ﻿cbl_khoi‣meterain: 24.00
meterain.cpp
"C:\Program Files (x86)\Themis\gcc\bin\g++.exe" -std=c++14 "meterain.cpp" -pipe -O2 -s -static -lm -x c++ -o"meterain.exe" -Wl,--stack,66060288|@WorkDir=D:\Thi_Tin_Hoc\SERVER\www\contests\nop_bai\ThemisWorkSpace\WaitRoom8239\
Dịch thành công.

cbl_khoi‣meterain‣$METERAIN01: 0.00
Thời gian ≈ 0.041519500 giây
Kết quả KHÁC đáp án!
cbl_khoi‣meterain‣$METERAIN02: 4.00
Thời gian ≈ 0.042447400 giây
Kết quả khớp đáp án!
cbl_khoi‣meterain‣$METERAIN03: 4.00
Thời gian ≈ 0.040986400 giây
Kết quả khớp đáp án!
cbl_khoi‣meterain‣$METERAIN04: 4.00
Thời gian ≈ 0.042531500 giây
Kết quả khớp đáp án!
cbl_khoi‣meterain‣$METERAIN05: 0.00
Thời gian ≈ 0.040703900 giây
Kết quả KHÁC đáp án!
cbl_khoi‣meterain‣$METERAIN06: 0.00
Thời gian ≈ 0.040527300 giây
Kết quả KHÁC đáp án!
cbl_khoi‣meterain‣$METERAIN07: 0.00
Thời gian ≈ 0.041296900 giây
Kết quả KHÁC đáp án!
cbl_khoi‣meterain‣$METERAIN08: 4.00
Thời gian ≈ 0.040284300 giây
Kết quả khớp đáp án!
cbl_khoi‣meterain‣$METERAIN09: 0.00
Thời gian ≈ 0.042536200 giây
Kết quả KHÁC đáp án!
cbl_khoi‣meterain‣$METERAIN10: 0.00
Thời gian ≈ 0.040770600 giây
Kết quả KHÁC đáp án!
cbl_khoi‣meterain‣$METERAIN11: 0.00
Thời gian ≈ 0.044416100 giây
Kết quả KHÁC đáp án!
cbl_khoi‣meterain‣$METERAIN12: 0.00
Thời gian ≈ 0.043892800 giây
Kết quả KHÁC đáp án!
cbl_khoi‣meterain‣$METERAIN13: 0.00
Thời gian ≈ 0.044201700 giây
Kết quả KHÁC đáp án!
cbl_khoi‣meterain‣$METERAIN14: 0.00
Thời gian ≈ 0.047579500 giây
Kết quả KHÁC đáp án!
cbl_khoi‣meterain‣$METERAIN15: 0.00
Thời gian ≈ 0.044946100 giây
Kết quả KHÁC đáp án!
cbl_khoi‣meterain‣$METERAIN16: 0.00
Thời gian ≈ 0.045272400 giây
Kết quả KHÁC đáp án!
cbl_khoi‣meterain‣$METERAIN17: 4.00
Thời gian ≈ 0.043459000 giây
Kết quả khớp đáp án!
cbl_khoi‣meterain‣$METERAIN18: 4.00
Thời gian ≈ 0.047187600 giây
Kết quả khớp đáp án!
cbl_khoi‣meterain‣$METERAIN19: 0.00
Thời gian ≈ 0.045413300 giây
Kết quả KHÁC đáp án!
cbl_khoi‣meterain‣$METERAIN20: 0.00
Thời gian ≈ 0.045673200 giây
Kết quả KHÁC đáp án!
cbl_khoi‣meterain‣$METERAIN21: 0.00
Chạy quá thời gian
cbl_khoi‣meterain‣$METERAIN22: 0.00
Chạy quá thời gian
cbl_khoi‣meterain‣$METERAIN23: 0.00
Thời gian ≈ 0.631721200 giây
Kết quả KHÁC đáp án!
cbl_khoi‣meterain‣$METERAIN24: 0.00
Thời gian ≈ 0.868013700 giây
Kết quả KHÁC đáp án!
cbl_khoi‣meterain‣$METERAIN25: 0.00
Thời gian ≈ 0.781372100 giây
Kết quả KHÁC đáp án!
