 ﻿cbl_khoi‣MST: 41.67
MST.cpp
"C:\Program Files (x86)\Themis\gcc\bin\g++.exe" -std=c++14 "MST.cpp" -pipe -O2 -s -static -lm -x c++ -o"MST.exe" -Wl,--stack,66060288|@WorkDir=D:\Thi_Tin_Hoc\SERVER\www\contests\nop_bai\ThemisWorkSpace\WaitRoom9831\
Dịch thành công.

cbl_khoi‣MST‣$MST01: 4.17
Thời gian ≈ 0.039264500 giây
Kết quả khớp đáp án!
cbl_khoi‣MST‣$MST02: 4.17
Thời gian ≈ 0.038671700 giây
Kết quả khớp đáp án!
cbl_khoi‣MST‣$MST03: 4.17
Thời gian ≈ 0.038285800 giây
Kết quả khớp đáp án!
cbl_khoi‣MST‣$MST04: 4.17
Thời gian ≈ 0.038766200 giây
Kết quả khớp đáp án!
cbl_khoi‣MST‣$MST05: 4.17
Thời gian ≈ 0.039689700 giây
Kết quả khớp đáp án!
cbl_khoi‣MST‣$MST06: 4.17
Thời gian ≈ 0.039554800 giây
Kết quả khớp đáp án!
cbl_khoi‣MST‣$MST07: 4.17
Thời gian ≈ 0.040376400 giây
Kết quả khớp đáp án!
cbl_khoi‣MST‣$MST08: 4.17
Thời gian ≈ 0.039178600 giây
Kết quả khớp đáp án!
cbl_khoi‣MST‣$MST09: 4.17
Thời gian ≈ 0.038325200 giây
Kết quả khớp đáp án!
cbl_khoi‣MST‣$MST10: 4.17
Thời gian ≈ 0.040015900 giây
Kết quả khớp đáp án!
cbl_khoi‣MST‣$MST11: 0.00
Thời gian ≈ 0.053231600 giây
Kết quả KHÁC đáp án!
cbl_khoi‣MST‣$MST12: 0.00
Thời gian ≈ 0.050556100 giây
Kết quả KHÁC đáp án!
cbl_khoi‣MST‣$MST13: 0.00
Thời gian ≈ 0.052917700 giây
Kết quả KHÁC đáp án!
cbl_khoi‣MST‣$MST14: 0.00
Thời gian ≈ 0.056966900 giây
Kết quả KHÁC đáp án!
cbl_khoi‣MST‣$MST15: 0.00
Thời gian ≈ 0.061077000 giây
Kết quả KHÁC đáp án!
cbl_khoi‣MST‣$MST16: 0.00
Thời gian ≈ 0.063727700 giây
Kết quả KHÁC đáp án!
cbl_khoi‣MST‣$MST17: 0.00
Thời gian ≈ 0.066748800 giây
Kết quả KHÁC đáp án!
cbl_khoi‣MST‣$MST18: 0.00
Thời gian ≈ 0.071389100 giây
Kết quả KHÁC đáp án!
cbl_khoi‣MST‣$MST19: 0.00
Thời gian ≈ 0.075609600 giây
Kết quả KHÁC đáp án!
cbl_khoi‣MST‣$MST20: 0.00
Thời gian ≈ 0.079954900 giây
Kết quả KHÁC đáp án!
cbl_khoi‣MST‣$MST21: 0.00
Thời gian ≈ 0.076700300 giây
Kết quả KHÁC đáp án!
cbl_khoi‣MST‣$MST22: 0.00
Thời gian ≈ 0.071185300 giây
Kết quả KHÁC đáp án!
cbl_khoi‣MST‣$MST23: 0.00
Thời gian ≈ 0.057844400 giây
Kết quả KHÁC đáp án!
cbl_khoi‣MST‣$MST24: 0.00
Thời gian ≈ 0.077916500 giây
Kết quả KHÁC đáp án!
