 ﻿cbl_khoi‣SAFENET: 0.00
SAFENET.cpp
"C:\Program Files (x86)\Themis\gcc\bin\g++.exe" -std=c++14 "SAFENET.cpp" -pipe -O2 -s -static -lm -x c++ -o"SAFENET.exe" -Wl,--stack,66060288|@WorkDir=D:\Thi_Tin_Hoc\SERVER\www\contests\nop_bai\ThemisWorkSpace\WaitRoom24871\
Dịch thành công.

cbl_khoi‣SAFENET‣$SAFENET01: 0.00
Chạy sinh lỗi
Command: "D:\Thi_Tin_Hoc\SERVER\www\contests\nop_bai\ThemisWorkSpace\ContestRoom16390\SAFENET.exe" terminated with exit code: 3221225477 (Hexadecimal: C0000005)
cbl_khoi‣SAFENET‣$SAFENET02: 0.00
Chạy sinh lỗi
Command: "D:\Thi_Tin_Hoc\SERVER\www\contests\nop_bai\ThemisWorkSpace\ContestRoom40131\SAFENET.exe" terminated with exit code: 3221225477 (Hexadecimal: C0000005)
cbl_khoi‣SAFENET‣$SAFENET03: 0.00
Chạy sinh lỗi
Command: "D:\Thi_Tin_Hoc\SERVER\www\contests\nop_bai\ThemisWorkSpace\ContestRoom33189\SAFENET.exe" terminated with exit code: 3221225477 (Hexadecimal: C0000005)
cbl_khoi‣SAFENET‣$SAFENET04: 0.00
Chạy sinh lỗi
Command: "D:\Thi_Tin_Hoc\SERVER\www\contests\nop_bai\ThemisWorkSpace\ContestRoom53899\SAFENET.exe" terminated with exit code: 3221225477 (Hexadecimal: C0000005)
cbl_khoi‣SAFENET‣$SAFENET05: 0.00
Chạy sinh lỗi
Command: "D:\Thi_Tin_Hoc\SERVER\www\contests\nop_bai\ThemisWorkSpace\ContestRoom2630\SAFENET.exe" terminated with exit code: 3221225477 (Hexadecimal: C0000005)
cbl_khoi‣SAFENET‣$SAFENET06: 0.00
Chạy sinh lỗi
Command: "D:\Thi_Tin_Hoc\SERVER\www\contests\nop_bai\ThemisWorkSpace\ContestRoom40218\SAFENET.exe" terminated with exit code: 3221225477 (Hexadecimal: C0000005)
cbl_khoi‣SAFENET‣$SAFENET07: 0.00
Chạy sinh lỗi
Command: "D:\Thi_Tin_Hoc\SERVER\www\contests\nop_bai\ThemisWorkSpace\ContestRoom42139\SAFENET.exe" terminated with exit code: 3221225477 (Hexadecimal: C0000005)
cbl_khoi‣SAFENET‣$SAFENET08: 0.00
Chạy sinh lỗi
Command: "D:\Thi_Tin_Hoc\SERVER\www\contests\nop_bai\ThemisWorkSpace\ContestRoom34398\SAFENET.exe" terminated with exit code: 3221225477 (Hexadecimal: C0000005)
cbl_khoi‣SAFENET‣$SAFENET09: 0.00
Chạy sinh lỗi
Command: "D:\Thi_Tin_Hoc\SERVER\www\contests\nop_bai\ThemisWorkSpace\ContestRoom32844\SAFENET.exe" terminated with exit code: 3221225477 (Hexadecimal: C0000005)
cbl_khoi‣SAFENET‣$SAFENET10: 0.00
Chạy sinh lỗi
Command: "D:\Thi_Tin_Hoc\SERVER\www\contests\nop_bai\ThemisWorkSpace\ContestRoom60046\SAFENET.exe" terminated with exit code: 3221225477 (Hexadecimal: C0000005)
cbl_khoi‣SAFENET‣$SAFENET11: 0.00
Chạy sinh lỗi
Command: "D:\Thi_Tin_Hoc\SERVER\www\contests\nop_bai\ThemisWorkSpace\ContestRoom26688\SAFENET.exe" terminated with exit code: 3221225477 (Hexadecimal: C0000005)
cbl_khoi‣SAFENET‣$SAFENET12: 0.00
Chạy sinh lỗi
Command: "D:\Thi_Tin_Hoc\SERVER\www\contests\nop_bai\ThemisWorkSpace\ContestRoom60721\SAFENET.exe" terminated with exit code: 3221225477 (Hexadecimal: C0000005)
cbl_khoi‣SAFENET‣$SAFENET13: 0.00
Chạy sinh lỗi
Command: "D:\Thi_Tin_Hoc\SERVER\www\contests\nop_bai\ThemisWorkSpace\ContestRoom1834\SAFENET.exe" terminated with exit code: 3221225477 (Hexadecimal: C0000005)
cbl_khoi‣SAFENET‣$SAFENET14: 0.00
Chạy sinh lỗi
Command: "D:\Thi_Tin_Hoc\SERVER\www\contests\nop_bai\ThemisWorkSpace\ContestRoom14685\SAFENET.exe" terminated with exit code: 3221225477 (Hexadecimal: C0000005)
cbl_khoi‣SAFENET‣$SAFENET15: 0.00
Chạy sinh lỗi
Command: "D:\Thi_Tin_Hoc\SERVER\www\contests\nop_bai\ThemisWorkSpace\ContestRoom47217\SAFENET.exe" terminated with exit code: 3221225477 (Hexadecimal: C0000005)
cbl_khoi‣SAFENET‣$SAFENET16: 0.00
Chạy sinh lỗi
Command: "D:\Thi_Tin_Hoc\SERVER\www\contests\nop_bai\ThemisWorkSpace\ContestRoom25540\SAFENET.exe" terminated with exit code: 3221225477 (Hexadecimal: C0000005)
cbl_khoi‣SAFENET‣$SAFENET17: 0.00
Chạy sinh lỗi
Command: "D:\Thi_Tin_Hoc\SERVER\www\contests\nop_bai\ThemisWorkSpace\ContestRoom62926\SAFENET.exe" terminated with exit code: 3221225477 (Hexadecimal: C0000005)
cbl_khoi‣SAFENET‣$SAFENET18: 0.00
Chạy sinh lỗi
Command: "D:\Thi_Tin_Hoc\SERVER\www\contests\nop_bai\ThemisWorkSpace\ContestRoom41004\SAFENET.exe" terminated with exit code: 3221225477 (Hexadecimal: C0000005)
cbl_khoi‣SAFENET‣$SAFENET19: 0.00
Chạy sinh lỗi
Command: "D:\Thi_Tin_Hoc\SERVER\www\contests\nop_bai\ThemisWorkSpace\ContestRoom47653\SAFENET.exe" terminated with exit code: 3221225477 (Hexadecimal: C0000005)
cbl_khoi‣SAFENET‣$SAFENET20: 0.00
Chạy sinh lỗi
Command: "D:\Thi_Tin_Hoc\SERVER\www\contests\nop_bai\ThemisWorkSpace\ContestRoom58706\SAFENET.exe" terminated with exit code: 3221225477 (Hexadecimal: C0000005)
cbl_khoi‣SAFENET‣$SAFENET21: 0.00
Chạy sinh lỗi
Command: "D:\Thi_Tin_Hoc\SERVER\www\contests\nop_bai\ThemisWorkSpace\ContestRoom16524\SAFENET.exe" terminated with exit code: 3221225477 (Hexadecimal: C0000005)
cbl_khoi‣SAFENET‣$SAFENET22: 0.00
Chạy sinh lỗi
Command: "D:\Thi_Tin_Hoc\SERVER\www\contests\nop_bai\ThemisWorkSpace\ContestRoom57722\SAFENET.exe" terminated with exit code: 3221225477 (Hexadecimal: C0000005)
cbl_khoi‣SAFENET‣$SAFENET23: 0.00
Chạy sinh lỗi
Command: "D:\Thi_Tin_Hoc\SERVER\www\contests\nop_bai\ThemisWorkSpace\ContestRoom60036\SAFENET.exe" terminated with exit code: 3221225477 (Hexadecimal: C0000005)
cbl_khoi‣SAFENET‣$SAFENET24: 0.00
Chạy sinh lỗi
Command: "D:\Thi_Tin_Hoc\SERVER\www\contests\nop_bai\ThemisWorkSpace\ContestRoom5913\SAFENET.exe" terminated with exit code: 3221225477 (Hexadecimal: C0000005)
cbl_khoi‣SAFENET‣$SAFENET25: 0.00
Chạy sinh lỗi
Command: "D:\Thi_Tin_Hoc\SERVER\www\contests\nop_bai\ThemisWorkSpace\ContestRoom58058\SAFENET.exe" terminated with exit code: 3221225477 (Hexadecimal: C0000005)
cbl_khoi‣SAFENET‣$SAFENET26: 0.00
Chạy sinh lỗi
Command: "D:\Thi_Tin_Hoc\SERVER\www\contests\nop_bai\ThemisWorkSpace\ContestRoom27723\SAFENET.exe" terminated with exit code: 3221225477 (Hexadecimal: C0000005)
cbl_khoi‣SAFENET‣$SAFENET27: 0.00
Chạy sinh lỗi
Command: "D:\Thi_Tin_Hoc\SERVER\www\contests\nop_bai\ThemisWorkSpace\ContestRoom53831\SAFENET.exe" terminated with exit code: 3221225477 (Hexadecimal: C0000005)
cbl_khoi‣SAFENET‣$SAFENET28: 0.00
Chạy sinh lỗi
Command: "D:\Thi_Tin_Hoc\SERVER\www\contests\nop_bai\ThemisWorkSpace\ContestRoom14632\SAFENET.exe" terminated with exit code: 3221225477 (Hexadecimal: C0000005)
cbl_khoi‣SAFENET‣$SAFENET29: 0.00
Chạy sinh lỗi
Command: "D:\Thi_Tin_Hoc\SERVER\www\contests\nop_bai\ThemisWorkSpace\ContestRoom49930\SAFENET.exe" terminated with exit code: 3221225477 (Hexadecimal: C0000005)
cbl_khoi‣SAFENET‣$SAFENET30: 0.00
Chạy sinh lỗi
Command: "D:\Thi_Tin_Hoc\SERVER\www\contests\nop_bai\ThemisWorkSpace\ContestRoom49165\SAFENET.exe" terminated with exit code: 3221225477 (Hexadecimal: C0000005)
cbl_khoi‣SAFENET‣$SAFENET31: 0.00
Chạy sinh lỗi
Command: "D:\Thi_Tin_Hoc\SERVER\www\contests\nop_bai\ThemisWorkSpace\ContestRoom43350\SAFENET.exe" terminated with exit code: 3221225477 (Hexadecimal: C0000005)
cbl_khoi‣SAFENET‣$SAFENET32: 0.00
Chạy sinh lỗi
Command: "D:\Thi_Tin_Hoc\SERVER\www\contests\nop_bai\ThemisWorkSpace\ContestRoom51309\SAFENET.exe" terminated with exit code: 3221225477 (Hexadecimal: C0000005)
cbl_khoi‣SAFENET‣$SAFENET33: 0.00
Chạy sinh lỗi
Command: "D:\Thi_Tin_Hoc\SERVER\www\contests\nop_bai\ThemisWorkSpace\ContestRoom3360\SAFENET.exe" terminated with exit code: 3221225477 (Hexadecimal: C0000005)
cbl_khoi‣SAFENET‣$SAFENET34: 0.00
Chạy sinh lỗi
Command: "D:\Thi_Tin_Hoc\SERVER\www\contests\nop_bai\ThemisWorkSpace\ContestRoom8144\SAFENET.exe" terminated with exit code: 3221225477 (Hexadecimal: C0000005)
cbl_khoi‣SAFENET‣$SAFENET35: 0.00
Chạy sinh lỗi
Command: "D:\Thi_Tin_Hoc\SERVER\www\contests\nop_bai\ThemisWorkSpace\ContestRoom34461\SAFENET.exe" terminated with exit code: 3221225477 (Hexadecimal: C0000005)
cbl_khoi‣SAFENET‣$SAFENET36: 0.00
Chạy sinh lỗi
Command: "D:\Thi_Tin_Hoc\SERVER\www\contests\nop_bai\ThemisWorkSpace\ContestRoom56832\SAFENET.exe" terminated with exit code: 3221225477 (Hexadecimal: C0000005)
cbl_khoi‣SAFENET‣$SAFENET37: 0.00
Chạy sinh lỗi
Command: "D:\Thi_Tin_Hoc\SERVER\www\contests\nop_bai\ThemisWorkSpace\ContestRoom16042\SAFENET.exe" terminated with exit code: 3221225477 (Hexadecimal: C0000005)
cbl_khoi‣SAFENET‣$SAFENET38: 0.00
Chạy sinh lỗi
Command: "D:\Thi_Tin_Hoc\SERVER\www\contests\nop_bai\ThemisWorkSpace\ContestRoom49316\SAFENET.exe" terminated with exit code: 3221225477 (Hexadecimal: C0000005)
cbl_khoi‣SAFENET‣$SAFENET39: 0.00
Chạy sinh lỗi
Command: "D:\Thi_Tin_Hoc\SERVER\www\contests\nop_bai\ThemisWorkSpace\ContestRoom63535\SAFENET.exe" terminated with exit code: 3221225477 (Hexadecimal: C0000005)
cbl_khoi‣SAFENET‣$SAFENET40: 0.00
Chạy sinh lỗi
Command: "D:\Thi_Tin_Hoc\SERVER\www\contests\nop_bai\ThemisWorkSpace\ContestRoom38827\SAFENET.exe" terminated with exit code: 3221225477 (Hexadecimal: C0000005)
