 ﻿cbl_khoi‣CUT: 90.00
CUT.cpp
"C:\Program Files (x86)\Themis\gcc\bin\g++.exe" -std=c++14 "CUT.cpp" -pipe -O2 -s -static -lm -x c++ -o"CUT.exe" -Wl,--stack,66060288|@WorkDir=D:\Thi_Tin_Hoc\SERVER\www\contests\nop_bai\ThemisWorkSpace\WaitRoom63127\
Dịch thành công.

cbl_khoi‣CUT‣Test01: 0.00
Thời gian ≈ 0.042172000 giây
Checking the first line: 
  . Answer: 0 x Bridges + 1 x Articulation nodes
  . Output: 2 x Bridges + 1 x Articulation nodes
Wrong!
cbl_khoi‣CUT‣Test02: 2.50
Thời gian ≈ 0.043713300 giây
Checking the first line: 
  . Answer: 0 x Bridges + 0 x Articulation nodes
  . Output: 0 x Bridges + 0 x Articulation nodes
Checking the list of cut edges/vertices
Correct!
cbl_khoi‣CUT‣Test03: 2.50
Thời gian ≈ 0.047499700 giây
Checking the first line: 
  . Answer: 7 x Bridges + 8 x Articulation nodes
  . Output: 7 x Bridges + 8 x Articulation nodes
Checking the list of cut edges/vertices
Correct!
cbl_khoi‣CUT‣Test04: 2.50
Thời gian ≈ 0.048795300 giây
Checking the first line: 
  . Answer: 99 x Bridges + 49 x Articulation nodes
  . Output: 99 x Bridges + 49 x Articulation nodes
Checking the list of cut edges/vertices
Correct!
cbl_khoi‣CUT‣Test05: 2.50
Thời gian ≈ 0.060530800 giây
Checking the first line: 
  . Answer: 1693 x Bridges + 1343 x Articulation nodes
  . Output: 1693 x Bridges + 1343 x Articulation nodes
Checking the list of cut edges/vertices
Correct!
cbl_khoi‣CUT‣Test06: 2.50
Thời gian ≈ 0.103375400 giây
Checking the first line: 
  . Answer: 40956 x Bridges + 26734 x Articulation nodes
  . Output: 40956 x Bridges + 26734 x Articulation nodes
Checking the list of cut edges/vertices
Correct!
cbl_khoi‣CUT‣Test07: 2.50
Thời gian ≈ 0.114293000 giây
Checking the first line: 
  . Answer: 52942 x Bridges + 33449 x Articulation nodes
  . Output: 52942 x Bridges + 33449 x Articulation nodes
Checking the list of cut edges/vertices
Correct!
cbl_khoi‣CUT‣Test08: 2.50
Thời gian ≈ 0.146203800 giây
Checking the first line: 
  . Answer: 99979 x Bridges + 50078 x Articulation nodes
  . Output: 99979 x Bridges + 50078 x Articulation nodes
Checking the list of cut edges/vertices
Correct!
cbl_khoi‣CUT‣Test09: 2.50
Thời gian ≈ 0.126237600 giây
Checking the first line: 
  . Answer: 99969 x Bridges + 49941 x Articulation nodes
  . Output: 99969 x Bridges + 49941 x Articulation nodes
Checking the list of cut edges/vertices
Correct!
cbl_khoi‣CUT‣Test10: 2.50
Thời gian ≈ 0.180825000 giây
Checking the first line: 
  . Answer: 37581 x Bridges + 28912 x Articulation nodes
  . Output: 37581 x Bridges + 28912 x Articulation nodes
Checking the list of cut edges/vertices
Correct!
cbl_khoi‣CUT‣Test11: 2.50
Thời gian ≈ 0.047714400 giây
Checking the first line: 
  . Answer: 188 x Bridges + 161 x Articulation nodes
  . Output: 188 x Bridges + 161 x Articulation nodes
Checking the list of cut edges/vertices
Correct!
cbl_khoi‣CUT‣Test12: 2.50
Thời gian ≈ 0.047400100 giây
Checking the first line: 
  . Answer: 541 x Bridges + 369 x Articulation nodes
  . Output: 541 x Bridges + 369 x Articulation nodes
Checking the list of cut edges/vertices
Correct!
cbl_khoi‣CUT‣Test13: 2.50
Thời gian ≈ 0.051305300 giây
Checking the first line: 
  . Answer: 287 x Bridges + 185 x Articulation nodes
  . Output: 287 x Bridges + 185 x Articulation nodes
Checking the list of cut edges/vertices
Correct!
cbl_khoi‣CUT‣Test14: 2.50
Thời gian ≈ 0.047141900 giây
Checking the first line: 
  . Answer: 5 x Bridges + 5 x Articulation nodes
  . Output: 5 x Bridges + 5 x Articulation nodes
Checking the list of cut edges/vertices
Correct!
cbl_khoi‣CUT‣Test15: 0.00
Thời gian ≈ 0.046675700 giây
Checking the first line: 
  . Answer: 361 x Bridges + 259 x Articulation nodes
  . Output: 362 x Bridges + 259 x Articulation nodes
Wrong!
cbl_khoi‣CUT‣Test16: 2.50
Thời gian ≈ 0.048398300 giây
Checking the first line: 
  . Answer: 306 x Bridges + 254 x Articulation nodes
  . Output: 306 x Bridges + 254 x Articulation nodes
Checking the list of cut edges/vertices
Correct!
cbl_khoi‣CUT‣Test17: 2.50
Thời gian ≈ 0.050215100 giây
Checking the first line: 
  . Answer: 4 x Bridges + 4 x Articulation nodes
  . Output: 4 x Bridges + 4 x Articulation nodes
Checking the list of cut edges/vertices
Correct!
cbl_khoi‣CUT‣Test18: 2.50
Thời gian ≈ 0.049058800 giây
Checking the first line: 
  . Answer: 252 x Bridges + 161 x Articulation nodes
  . Output: 252 x Bridges + 161 x Articulation nodes
Checking the list of cut edges/vertices
Correct!
cbl_khoi‣CUT‣Test19: 0.00
Thời gian ≈ 0.055039300 giây
Checking the first line: 
  . Answer: 266 x Bridges + 186 x Articulation nodes
  . Output: 267 x Bridges + 186 x Articulation nodes
Wrong!
cbl_khoi‣CUT‣Test20: 2.50
Thời gian ≈ 0.043692300 giây
Checking the first line: 
  . Answer: 151 x Bridges + 112 x Articulation nodes
  . Output: 151 x Bridges + 112 x Articulation nodes
Checking the list of cut edges/vertices
Correct!
cbl_khoi‣CUT‣Test21: 2.50
Thời gian ≈ 0.042252400 giây
Checking the first line: 
  . Answer: 19 x Bridges + 18 x Articulation nodes
  . Output: 19 x Bridges + 18 x Articulation nodes
Checking the list of cut edges/vertices
Correct!
cbl_khoi‣CUT‣Test22: 2.50
Thời gian ≈ 0.046554000 giây
Checking the first line: 
  . Answer: 22 x Bridges + 21 x Articulation nodes
  . Output: 22 x Bridges + 21 x Articulation nodes
Checking the list of cut edges/vertices
Correct!
cbl_khoi‣CUT‣Test23: 0.00
Thời gian ≈ 0.048652400 giây
Checking the first line: 
  . Answer: 241 x Bridges + 145 x Articulation nodes
  . Output: 242 x Bridges + 145 x Articulation nodes
Wrong!
cbl_khoi‣CUT‣Test24: 2.50
Thời gian ≈ 0.043365300 giây
Checking the first line: 
  . Answer: 386 x Bridges + 195 x Articulation nodes
  . Output: 386 x Bridges + 195 x Articulation nodes
Checking the list of cut edges/vertices
Correct!
cbl_khoi‣CUT‣Test25: 2.50
Thời gian ≈ 0.059147100 giây
Checking the first line: 
  . Answer: 11 x Bridges + 11 x Articulation nodes
  . Output: 11 x Bridges + 11 x Articulation nodes
Checking the list of cut edges/vertices
Correct!
cbl_khoi‣CUT‣Test26: 2.50
Thời gian ≈ 0.041671500 giây
Checking the first line: 
  . Answer: 34 x Bridges + 1 x Articulation nodes
  . Output: 34 x Bridges + 1 x Articulation nodes
Checking the list of cut edges/vertices
Correct!
cbl_khoi‣CUT‣Test27: 2.50
Thời gian ≈ 0.049055200 giây
Checking the first line: 
  . Answer: 351 x Bridges + 185 x Articulation nodes
  . Output: 351 x Bridges + 185 x Articulation nodes
Checking the list of cut edges/vertices
Correct!
cbl_khoi‣CUT‣Test28: 2.50
Thời gian ≈ 0.051640000 giây
Checking the first line: 
  . Answer: 243 x Bridges + 143 x Articulation nodes
  . Output: 243 x Bridges + 143 x Articulation nodes
Checking the list of cut edges/vertices
Correct!
cbl_khoi‣CUT‣Test29: 2.50
Thời gian ≈ 0.043997800 giây
Checking the first line: 
  . Answer: 1 x Bridges + 1 x Articulation nodes
  . Output: 1 x Bridges + 1 x Articulation nodes
Checking the list of cut edges/vertices
Correct!
cbl_khoi‣CUT‣Test30: 2.50
Thời gian ≈ 0.045913800 giây
Checking the first line: 
  . Answer: 11 x Bridges + 11 x Articulation nodes
  . Output: 11 x Bridges + 11 x Articulation nodes
Checking the list of cut edges/vertices
Correct!
cbl_khoi‣CUT‣Test31: 2.50
Thời gian ≈ 0.094686600 giây
Checking the first line: 
  . Answer: 17482 x Bridges + 13572 x Articulation nodes
  . Output: 17482 x Bridges + 13572 x Articulation nodes
Checking the list of cut edges/vertices
Correct!
cbl_khoi‣CUT‣Test32: 2.50
Thời gian ≈ 0.100962900 giây
Checking the first line: 
  . Answer: 8452 x Bridges + 6794 x Articulation nodes
  . Output: 8452 x Bridges + 6794 x Articulation nodes
Checking the list of cut edges/vertices
Correct!
cbl_khoi‣CUT‣Test33: 2.50
Thời gian ≈ 0.148073000 giây
Checking the first line: 
  . Answer: 34798 x Bridges + 27614 x Articulation nodes
  . Output: 34798 x Bridges + 27614 x Articulation nodes
Checking the list of cut edges/vertices
Correct!
cbl_khoi‣CUT‣Test34: 2.50
Thời gian ≈ 0.093883400 giây
Checking the first line: 
  . Answer: 12734 x Bridges + 9929 x Articulation nodes
  . Output: 12734 x Bridges + 9929 x Articulation nodes
Checking the list of cut edges/vertices
Correct!
cbl_khoi‣CUT‣Test35: 2.50
Thời gian ≈ 0.164763200 giây
Checking the first line: 
  . Answer: 32002 x Bridges + 24657 x Articulation nodes
  . Output: 32002 x Bridges + 24657 x Articulation nodes
Checking the list of cut edges/vertices
Correct!
cbl_khoi‣CUT‣Test36: 2.50
Thời gian ≈ 0.135009100 giây
Checking the first line: 
  . Answer: 22834 x Bridges + 17428 x Articulation nodes
  . Output: 22834 x Bridges + 17428 x Articulation nodes
Checking the list of cut edges/vertices
Correct!
cbl_khoi‣CUT‣Test37: 2.50
Thời gian ≈ 0.124625100 giây
Checking the first line: 
  . Answer: 53730 x Bridges + 36585 x Articulation nodes
  . Output: 53730 x Bridges + 36585 x Articulation nodes
Checking the list of cut edges/vertices
Correct!
cbl_khoi‣CUT‣Test38: 2.50
Thời gian ≈ 0.131493900 giây
Checking the first line: 
  . Answer: 73331 x Bridges + 43367 x Articulation nodes
  . Output: 73331 x Bridges + 43367 x Articulation nodes
Checking the list of cut edges/vertices
Correct!
cbl_khoi‣CUT‣Test39: 2.50
Thời gian ≈ 0.146695700 giây
Checking the first line: 
  . Answer: 33754 x Bridges + 25645 x Articulation nodes
  . Output: 33754 x Bridges + 25645 x Articulation nodes
Checking the list of cut edges/vertices
Correct!
cbl_khoi‣CUT‣Test40: 2.50
Thời gian ≈ 0.131856000 giây
Checking the first line: 
  . Answer: 38977 x Bridges + 28761 x Articulation nodes
  . Output: 38977 x Bridges + 28761 x Articulation nodes
Checking the list of cut edges/vertices
Correct!
